[20-Mar-2024 12:02:22 UTC] PHP Fatal error:  Uncaught TypeError: Cannot access offset of type string on string in C:\Users\welcome Sir\Local Sites\wordpressassignment2\app\public\wp-content\plugins\elementor\core\page-assets\data-managers\base.php:242
Stack trace:
#0 C:\Users\welcome Sir\Local Sites\wordpressassignment2\app\public\wp-content\plugins\elementor\core\page-assets\data-managers\base.php(338): Elementor\Core\Page_Assets\Data_Managers\Base->get_saved_assets_data()
#1 C:\Users\welcome Sir\Local Sites\wordpressassignment2\app\public\wp-content\plugins\elementor\includes\base\widget-base.php(1249): Elementor\Core\Page_Assets\Data_Managers\Base->__construct()
#2 C:\Users\welcome Sir\Local Sites\wordpressassignment2\app\public\wp-content\plugins\elementor\includes\base\widget-base.php(1191): Elementor\Widget_Base->get_widgets_css_data_manager()
#3 C:\Users\welcome Sir\Local Sites\wordpressassignment2\app\public\wp-content\plugins\elementor\includes\base\widget-base.php(1244): Elementor\Widget_Base->get_widget_css()
#4 C:\Users\welcome Sir\Local Sites\wordpressassignment2\app\public\wp-content\plugins\elementor\includes\base\widget-base.php(649): Elementor\Widget_Base->print_widget_css()
#5 C:\Users\welcome Sir\Local Sites\wordpressassignment2\app\public\wp-content\plugins\elementor\includes\base\widget-base.php(775): Elementor\Widget_Base->render_content()
#6 C:\Users\welcome Sir\Local Sites\wordpressassignment2\app\public\wp-content\plugins\elementor\includes\base\element-base.php(464): Elementor\Widget_Base->print_content()
#7 C:\Users\welcome Sir\Local Sites\wordpressassignment2\app\public\wp-content\plugins\elementor\includes\base\element-base.php(1375): Elementor\Element_Base->print_element()
#8 C:\Users\welcome Sir\Local Sites\wordpressassignment2\app\public\wp-content\plugins\elementor\includes\base\element-base.php(464): Elementor\Element_Base->print_content()
#9 C:\Users\welcome Sir\Local Sites\wordpressassignment2\app\public\wp-content\plugins\elementor\includes\base\element-base.php(1375): Elementor\Element_Base->print_element()
#10 C:\Users\welcome Sir\Local Sites\wordpressassignment2\app\public\wp-content\plugins\elementor\includes\base\element-base.php(464): Elementor\Element_Base->print_content()
#11 C:\Users\welcome Sir\Local Sites\wordpressassignment2\app\public\wp-content\plugins\elementor\includes\base\element-base.php(1375): Elementor\Element_Base->print_element()
#12 C:\Users\welcome Sir\Local Sites\wordpressassignment2\app\public\wp-content\plugins\elementor\includes\base\element-base.php(464): Elementor\Element_Base->print_content()
#13 C:\Users\welcome Sir\Local Sites\wordpressassignment2\app\public\wp-content\plugins\elementor\includes\base\element-base.php(1375): Elementor\Element_Base->print_element()
#14 C:\Users\welcome Sir\Local Sites\wordpressassignment2\app\public\wp-content\plugins\elementor\includes\base\element-base.php(464): Elementor\Element_Base->print_content()
#15 C:\Users\welcome Sir\Local Sites\wordpressassignment2\app\public\wp-content\plugins\elementor\core\base\document.php(1795): Elementor\Element_Base->print_element()
#16 C:\Users\welcome Sir\Local Sites\wordpressassignment2\app\public\wp-content\plugins\elementor\core\base\document.php(1183): Elementor\Core\Base\Document->print_elements(Array)
#17 C:\Users\welcome Sir\Local Sites\wordpressassignment2\app\public\wp-content\plugins\elementor\includes\frontend.php(1165): Elementor\Core\Base\Document->print_elements_with_wrapper(Array)
#18 C:\Users\welcome Sir\Local Sites\wordpressassignment2\app\public\wp-content\plugins\elementor\includes\frontend.php(1233): Elementor\Frontend->get_builder_content(222, false)
#19 C:\Users\welcome Sir\Local Sites\wordpressassignment2\app\public\wp-content\plugins\elementskit-lite\helpers\utils.php(303): Elementor\Frontend->get_builder_content_for_display(222, false)
#20 C:\Users\welcome Sir\Local Sites\wordpressassignment2\app\public\wp-content\plugins\elementskit-lite\modules\header-footer\theme-hooks\astra.php(51): ElementsKit_Lite\Utils::render_elementor_content(222)
#21 C:\Users\welcome Sir\Local Sites\wordpressassignment2\app\public\wp-includes\class-wp-hook.php(324): ElementsKit_Lite\Modules\Header_Footer\Theme_Hooks\Astra->add_plugin_header_markup('')
#22 C:\Users\welcome Sir\Local Sites\wordpressassignment2\app\public\wp-includes\class-wp-hook.php(348): WP_Hook->apply_filters(NULL, Array)
#23 C:\Users\welcome Sir\Local Sites\wordpressassignment2\app\public\wp-includes\plugin.php(517): WP_Hook->do_action(Array)
#24 C:\Users\welcome Sir\Local Sites\wordpressassignment2\app\public\wp-content\themes\astra\inc\core\theme-hooks.php(145): do_action('astra_header')
#25 C:\Users\welcome Sir\Local Sites\wordpressassignment2\app\public\wp-content\themes\astra\header.php(61): astra_header()
#26 C:\Users\welcome Sir\Local Sites\wordpressassignment2\app\public\wp-includes\template.php(790): require_once('C:\\Users\\welcom...')
#27 C:\Users\welcome Sir\Local Sites\wordpressassignment2\app\public\wp-includes\template.php(725): load_template('C:\\Users\\welcom...', true, Array)
#28 C:\Users\welcome Sir\Local Sites\wordpressassignment2\app\public\wp-includes\general-template.php(48): locate_template(Array, true, true, Array)
#29 C:\Users\welcome Sir\Local Sites\wordpressassignment2\app\public\wp-content\plugins\elementor\modules\page-templates\templates\header-footer.php(9): get_header()
#30 C:\Users\welcome Sir\Local Sites\wordpressassignment2\app\public\wp-includes\template-loader.php(106): include('C:\\Users\\welcom...')
#31 C:\Users\welcome Sir\Local Sites\wordpressassignment2\app\public\wp-blog-header.php(19): require_once('C:\\Users\\welcom...')
#32 C:\Users\welcome Sir\Local Sites\wordpressassignment2\app\public\index.php(17): require('C:\\Users\\welcom...')
#33 {main}
  thrown in C:\Users\welcome Sir\Local Sites\wordpressassignment2\app\public\wp-content\plugins\elementor\core\page-assets\data-managers\base.php on line 242
